<?xml version="1.0" encoding="UTF-8"?>
<!-- Generated by org.testng.reporters.JUnitReportReporter -->
<testsuite skipped="0" hostname="iblwdvamitku" name="TestProject.Testing.NewTest" tests="1" failures="0" timestamp="09 Nov 2018 06:42:01 GMT" time="13.053" errors="0">
  <testcase name="openMyBlogagain" time="13.053" classname="TestProject.Testing.NewTest"/>
</testsuite> <!-- TestProject.Testing.NewTest -->
