<?xml version="1.0" encoding="UTF-8"?>
<!-- Generated by org.testng.reporters.JUnitReportReporter -->
<testsuite skipped="0" hostname="iblwdvamitku" name="TestProject.Testing.AppTest" tests="1" failures="0" timestamp="09 Nov 2018 06:42:01 GMT" time="0.001" errors="0">
  <testcase name="testApp" time="0.001" classname="TestProject.Testing.AppTest"/>
</testsuite> <!-- TestProject.Testing.AppTest -->
